<?xml version="1.0" encoding="UTF-8"?>
<testsuite name="com.telran.testTask.tests.SearchItemTest" tests="1" skipped="0" failures="0" errors="0" timestamp="2022-08-16T10:43:09" hostname="WIN-J9DN6SMD2A2" time="87.6">
  <properties/>
  <testcase name="searchItemTest" classname="com.telran.testTask.tests.SearchItemTest" time="87.6"/>
  <system-out><![CDATA[12:43:09.331 [Test worker] INFO  com.telran.testTask.utils.MyListener - Start search By.cssSelector: [data-id='market']
12:43:09.588 [Test worker] INFO  com.telran.testTask.utils.MyListener - By.cssSelector: [data-id='market'] found
12:43:10.460 [Test worker] INFO  com.telran.testTask.utils.MyListener - Start search By.xpath: //span[contains(text(),'Экспресс')]
12:43:16.286 [Test worker] INFO  com.telran.testTask.utils.MyListener - By.xpath: //span[contains(text(),'Экспресс')] found
12:43:19.416 [Test worker] INFO  com.telran.testTask.utils.MyListener - Start search By.cssSelector: [data-id='button-all']
12:43:19.570 [Test worker] INFO  com.telran.testTask.utils.MyListener - By.cssSelector: [data-id='button-all'] found
12:43:19.695 [Test worker] INFO  com.telran.testTask.utils.MyListener - Start search By.xpath: //a[contains(text(),'Электроника')]
12:43:19.739 [Test worker] INFO  com.telran.testTask.utils.MyListener - By.xpath: //a[contains(text(),'Электроника')] found
12:43:25.348 [Test worker] INFO  com.telran.testTask.utils.MyListener - Start search By.xpath: //a[contains(text(),'Смартфоны и аксессуары')]
12:43:25.817 [Test worker] INFO  com.telran.testTask.utils.MyListener - By.xpath: //a[contains(text(),'Смартфоны и аксессуары')] found
12:43:33.095 [Test worker] INFO  com.telran.testTask.utils.MyListener - Start search By.cssSelector: ._1heDd:nth-child(1) ._3qxDp
12:43:33.332 [Test worker] INFO  com.telran.testTask.utils.MyListener - By.cssSelector: ._1heDd:nth-child(1) ._3qxDp found
12:43:33.749 [Test worker] INFO  com.telran.testTask.utils.MyListener - Start search By.cssSelector: ._1heDd:nth-child(1) ._3qxDp
12:43:33.798 [Test worker] INFO  com.telran.testTask.utils.MyListener - By.cssSelector: ._1heDd:nth-child(1) ._3qxDp found
12:43:33.918 [Test worker] INFO  com.telran.testTask.utils.MyListener - Start search By.cssSelector: ._1heDd:nth-child(1) ._3qxDp
12:43:33.945 [Test worker] INFO  com.telran.testTask.utils.MyListener - By.cssSelector: ._1heDd:nth-child(1) ._3qxDp found
12:43:34.500 [Test worker] INFO  com.telran.testTask.utils.MyListener - Start search By.cssSelector: ._1heDd:nth-child(2) ._3qxDp
12:43:34.556 [Test worker] INFO  com.telran.testTask.utils.MyListener - By.cssSelector: ._1heDd:nth-child(2) ._3qxDp found
12:43:34.696 [Test worker] INFO  com.telran.testTask.utils.MyListener - Start search By.cssSelector: ._1heDd:nth-child(2) ._3qxDp
12:43:34.723 [Test worker] INFO  com.telran.testTask.utils.MyListener - By.cssSelector: ._1heDd:nth-child(2) ._3qxDp found
12:43:34.808 [Test worker] INFO  com.telran.testTask.utils.MyListener - Start search By.cssSelector: ._1heDd:nth-child(2) ._3qxDp
12:43:34.834 [Test worker] INFO  com.telran.testTask.utils.MyListener - By.cssSelector: ._1heDd:nth-child(2) ._3qxDp found
12:43:35.336 [Test worker] INFO  com.telran.testTask.utils.MyListener - Start search By.xpath: //span[text()='Apple']
12:43:35.387 [Test worker] INFO  com.telran.testTask.utils.MyListener - By.xpath: //span[text()='Apple'] found
12:44:05.692 [Test worker] INFO  com.telran.testTask.utils.MyListener - Start search By.cssSelector: div:nth-child(3) ._2UHry
12:44:05.728 [Test worker] INFO  com.telran.testTask.utils.MyListener - By.cssSelector: div:nth-child(3) ._2UHry found
Беспроводные наушники Apple AirPods 3 RU, белый
12:44:05.770 [Test worker] INFO  com.telran.testTask.utils.MyListener - Start search By.id: header-search
12:44:05.790 [Test worker] INFO  com.telran.testTask.utils.MyListener - By.id: header-search found
12:44:06.008 [Test worker] INFO  com.telran.testTask.utils.MyListener - Start search By.id: header-search
12:44:06.066 [Test worker] INFO  com.telran.testTask.utils.MyListener - By.id: header-search found
12:44:06.135 [Test worker] INFO  com.telran.testTask.utils.MyListener - Start search By.id: header-search
12:44:06.167 [Test worker] INFO  com.telran.testTask.utils.MyListener - By.id: header-search found
12:44:06.620 [Test worker] INFO  com.telran.testTask.utils.MyListener - Start search By.cssSelector: [data-r='search-button']
12:44:06.655 [Test worker] INFO  com.telran.testTask.utils.MyListener - By.cssSelector: [data-r='search-button'] found
12:44:36.800 [Test worker] INFO  com.telran.testTask.utils.MyListener - Start search By.cssSelector: div:nth-child(2) ._2UHry
12:44:36.837 [Test worker] INFO  com.telran.testTask.utils.MyListener - By.cssSelector: div:nth-child(2) ._2UHry found
Беспроводные наушники Apple AirPods 3 RU, белый
]]></system-out>
  <system-err><![CDATA[Starting ChromeDriver 103.0.5060.53 (a1711811edd74ff1cf2150f36ffa3b0dae40b17f-refs/branch-heads/5060@{#853}) on port 3629
Only local connections are allowed.
Please see https://chromedriver.chromium.org/security-considerations for suggestions on keeping ChromeDriver safe.
ChromeDriver was started successfully.
[1660646581.604][WARNING]: This version of ChromeDriver has not been tested with Chrome version 104.
авг. 16, 2022 12:43:01 PM org.openqa.selenium.remote.ProtocolHandshake createSession
INFO: Detected dialect: W3C
]]></system-err>
</testsuite>
