<?xml version="1.0" encoding="UTF-8"?>
<testsuite name="com.telran.testTask.SearchItemTest" tests="1" skipped="0" failures="0" errors="0" timestamp="2022-08-10T10:28:50" hostname="WIN-J9DN6SMD2A2" time="31.022">
  <properties/>
  <testcase name="searchItemTest" classname="com.telran.testTask.SearchItemTest" time="31.022"/>
  <system-out><![CDATA[]]></system-out>
  <system-err><![CDATA[Starting ChromeDriver 103.0.5060.53 (a1711811edd74ff1cf2150f36ffa3b0dae40b17f-refs/branch-heads/5060@{#853}) on port 5926
Only local connections are allowed.
Please see https://chromedriver.chromium.org/security-considerations for suggestions on keeping ChromeDriver safe.
ChromeDriver was started successfully.
авг. 10, 2022 12:28:41 PM org.openqa.selenium.remote.ProtocolHandshake createSession
INFO: Detected dialect: W3C
]]></system-err>
</testsuite>
