<?xml version="1.0" encoding="UTF-8"?>
<testsuite name="com.telran.testTask.tests.SearchItemTest" tests="1" skipped="0" failures="0" errors="0" timestamp="2022-08-16T12:21:37" hostname="WIN-J9DN6SMD2A2" time="104.635">
  <properties/>
  <testcase name="searchItemTest" classname="com.telran.testTask.tests.SearchItemTest" time="104.635"/>
  <system-out><![CDATA[14:21:37.463 [Test worker] INFO  com.telran.testTask.utils.MyListener - Start search By.cssSelector: [data-id='market']
14:21:37.529 [Test worker] INFO  com.telran.testTask.utils.MyListener - By.cssSelector: [data-id='market'] found
14:21:38.277 [Test worker] INFO  com.telran.testTask.utils.MyListener - Start search By.xpath: //span[contains(text(),'Экспресс')]
14:21:42.804 [Test worker] INFO  com.telran.testTask.utils.MyListener - By.xpath: //span[contains(text(),'Экспресс')] found
14:21:45.601 [Test worker] INFO  com.telran.testTask.utils.MyListener - Start search By.cssSelector: [data-id='button-all']
14:21:45.807 [Test worker] INFO  com.telran.testTask.utils.MyListener - By.cssSelector: [data-id='button-all'] found
14:21:45.991 [Test worker] INFO  com.telran.testTask.utils.MyListener - Start search By.xpath: //a[contains(text(),'Электроника')]
14:21:46.085 [Test worker] INFO  com.telran.testTask.utils.MyListener - By.xpath: //a[contains(text(),'Электроника')] found
14:21:50.976 [Test worker] INFO  com.telran.testTask.utils.MyListener - Start search By.xpath: //a[contains(text(),'Смартфоны и аксессуары')]
14:21:51.507 [Test worker] INFO  com.telran.testTask.utils.MyListener - By.xpath: //a[contains(text(),'Смартфоны и аксессуары')] found
14:21:58.049 [Test worker] INFO  com.telran.testTask.utils.MyListener - Start search By.cssSelector: ._1heDd:nth-child(1) ._3qxDp
14:21:58.380 [Test worker] INFO  com.telran.testTask.utils.MyListener - By.cssSelector: ._1heDd:nth-child(1) ._3qxDp found
14:21:58.677 [Test worker] INFO  com.telran.testTask.utils.MyListener - Start search By.cssSelector: ._1heDd:nth-child(1) ._3qxDp
14:21:58.813 [Test worker] INFO  com.telran.testTask.utils.MyListener - By.cssSelector: ._1heDd:nth-child(1) ._3qxDp found
14:21:58.929 [Test worker] INFO  com.telran.testTask.utils.MyListener - Start search By.cssSelector: ._1heDd:nth-child(1) ._3qxDp
14:21:58.955 [Test worker] INFO  com.telran.testTask.utils.MyListener - By.cssSelector: ._1heDd:nth-child(1) ._3qxDp found
14:21:59.559 [Test worker] INFO  com.telran.testTask.utils.MyListener - Start search By.cssSelector: ._1heDd:nth-child(2) ._3qxDp
14:21:59.601 [Test worker] INFO  com.telran.testTask.utils.MyListener - By.cssSelector: ._1heDd:nth-child(2) ._3qxDp found
14:21:59.754 [Test worker] INFO  com.telran.testTask.utils.MyListener - Start search By.cssSelector: ._1heDd:nth-child(2) ._3qxDp
14:21:59.776 [Test worker] INFO  com.telran.testTask.utils.MyListener - By.cssSelector: ._1heDd:nth-child(2) ._3qxDp found
14:21:59.867 [Test worker] INFO  com.telran.testTask.utils.MyListener - Start search By.cssSelector: ._1heDd:nth-child(2) ._3qxDp
14:21:59.884 [Test worker] INFO  com.telran.testTask.utils.MyListener - By.cssSelector: ._1heDd:nth-child(2) ._3qxDp found
14:22:00.329 [Test worker] INFO  com.telran.testTask.utils.MyListener - Start search By.xpath: //span[text()='Apple']
14:22:00.387 [Test worker] INFO  com.telran.testTask.utils.MyListener - By.xpath: //span[text()='Apple'] found
14:22:40.736 [Test worker] INFO  com.telran.testTask.utils.MyListener - Start search By.cssSelector: div:nth-child(3) ._2UHry
14:22:40.756 [Test worker] INFO  com.telran.testTask.utils.MyListener - By.cssSelector: div:nth-child(3) ._2UHry found
Умные часы Apple Watch Series 7 41 мм Aluminium Case, синий омут
14:22:40.796 [Test worker] INFO  com.telran.testTask.utils.MyListener - Start search By.id: header-search
14:22:40.814 [Test worker] INFO  com.telran.testTask.utils.MyListener - By.id: header-search found
14:22:41.180 [Test worker] INFO  com.telran.testTask.utils.MyListener - Start search By.id: header-search
14:22:41.256 [Test worker] INFO  com.telran.testTask.utils.MyListener - By.id: header-search found
14:22:41.334 [Test worker] INFO  com.telran.testTask.utils.MyListener - Start search By.id: header-search
14:22:41.352 [Test worker] INFO  com.telran.testTask.utils.MyListener - By.id: header-search found
14:22:41.705 [Test worker] INFO  com.telran.testTask.utils.MyListener - Start search By.cssSelector: [data-r='search-button']
14:22:41.799 [Test worker] INFO  com.telran.testTask.utils.MyListener - By.cssSelector: [data-r='search-button'] found
14:23:22.022 [Test worker] INFO  com.telran.testTask.utils.MyListener - Start search By.cssSelector: div:nth-child(2) ._2UHry
14:23:22.042 [Test worker] INFO  com.telran.testTask.utils.MyListener - By.cssSelector: div:nth-child(2) ._2UHry found
Умные часы Apple Watch Series 7 41 мм Aluminium Case, синий омут
]]></system-out>
  <system-err><![CDATA[Starting ChromeDriver 104.0.5112.79 (3cf3e8c8a07d104b9e1260c910efb8f383285dc5-refs/branch-heads/5112@{#1307}) on port 46097
Only local connections are allowed.
Please see https://chromedriver.chromium.org/security-considerations for suggestions on keeping ChromeDriver safe.
ChromeDriver was started successfully.
авг. 16, 2022 2:21:30 PM org.openqa.selenium.remote.ProtocolHandshake createSession
INFO: Detected dialect: W3C
]]></system-err>
</testsuite>
